<?xml version="1.0" encoding="UTF-8"?>
<testsuite name="springboot.web.HelloControllerTest" tests="2" skipped="0" failures="0" errors="0" timestamp="2023-01-07T10:15:16" hostname="DESKTOP-MST95U4" time="0.186">
  <properties/>
  <testcase name="hello가_리턴된다" classname="springboot.web.HelloControllerTest" time="0.08"/>
  <testcase name="helloDto가_리턴된다" classname="springboot.web.HelloControllerTest" time="0.106"/>
  <system-out><![CDATA[2023-01-07 19:15:15.326  INFO 36664 --- [    Test worker] .b.t.a.w.s.WebMvcTestContextBootstrapper : Neither @ContextConfiguration nor @ContextHierarchy found for test class [springboot.web.HelloControllerTest], using SpringBootContextLoader
2023-01-07 19:15:15.327  INFO 36664 --- [    Test worker] o.s.t.c.support.AbstractContextLoader    : Could not detect default resource locations for test class [springboot.web.HelloControllerTest]: no resource found for suffixes {-context.xml, Context.groovy}.
2023-01-07 19:15:15.327  INFO 36664 --- [    Test worker] t.c.s.AnnotationConfigContextLoaderUtils : Could not detect default configuration classes for test class [springboot.web.HelloControllerTest]: HelloControllerTest does not declare any static, non-private, non-final, nested classes annotated with @Configuration.
2023-01-07 19:15:15.350  INFO 36664 --- [    Test worker] .b.t.c.SpringBootTestContextBootstrapper : Found @SpringBootConfiguration springboot.Application for test class springboot.web.HelloControllerTest
2023-01-07 19:15:15.351  INFO 36664 --- [    Test worker] .b.t.a.w.s.WebMvcTestContextBootstrapper : Loaded default TestExecutionListener class names from location [META-INF/spring.factories]: [org.springframework.security.test.context.support.WithSecurityContextTestExecutionListener, org.springframework.security.test.context.support.ReactorContextTestExecutionListener, org.springframework.boot.test.autoconfigure.restdocs.RestDocsTestExecutionListener, org.springframework.boot.test.autoconfigure.web.client.MockRestServiceServerResetTestExecutionListener, org.springframework.boot.test.autoconfigure.web.servlet.MockMvcPrintOnlyOnFailureTestExecutionListener, org.springframework.boot.test.autoconfigure.web.servlet.WebDriverTestExecutionListener, org.springframework.boot.test.mock.mockito.MockitoTestExecutionListener, org.springframework.boot.test.mock.mockito.ResetMocksTestExecutionListener, org.springframework.test.context.web.ServletTestExecutionListener, org.springframework.test.context.support.DirtiesContextBeforeModesTestExecutionListener, org.springframework.test.context.support.DependencyInjectionTestExecutionListener, org.springframework.test.context.support.DirtiesContextTestExecutionListener, org.springframework.test.context.transaction.TransactionalTestExecutionListener, org.springframework.test.context.jdbc.SqlScriptsTestExecutionListener]
2023-01-07 19:15:15.353  INFO 36664 --- [    Test worker] .b.t.a.w.s.WebMvcTestContextBootstrapper : Using TestExecutionListeners: [org.springframework.test.context.web.ServletTestExecutionListener@434e21b, org.springframework.test.context.support.DirtiesContextBeforeModesTestExecutionListener@76335f14, org.springframework.boot.test.mock.mockito.MockitoTestExecutionListener@19e08624, org.springframework.boot.test.autoconfigure.SpringBootDependencyInjectionTestExecutionListener@6b761091, org.springframework.test.context.support.DirtiesContextTestExecutionListener@487103de, org.springframework.test.context.transaction.TransactionalTestExecutionListener@24d63e3b, org.springframework.test.context.jdbc.SqlScriptsTestExecutionListener@391a4d23, org.springframework.security.test.context.support.WithSecurityContextTestExecutionListener@62332009, org.springframework.security.test.context.support.ReactorContextTestExecutionListener@229ca062, org.springframework.boot.test.autoconfigure.restdocs.RestDocsTestExecutionListener@372e65ec, org.springframework.boot.test.autoconfigure.web.client.MockRestServiceServerResetTestExecutionListener@5cb6557f, org.springframework.boot.test.autoconfigure.web.servlet.MockMvcPrintOnlyOnFailureTestExecutionListener@27fe0588, org.springframework.boot.test.autoconfigure.web.servlet.WebDriverTestExecutionListener@60a62ea5, org.springframework.boot.test.mock.mockito.ResetMocksTestExecutionListener@24633658]

  .   ____          _            __ _ _
 /\\ / ___'_ __ _ _(_)_ __  __ _ \ \ \ \
( ( )\___ | '_ | '_| | '_ \/ _` | \ \ \ \
 \\/  ___)| |_)| | | | | || (_| |  ) ) ) )
  '  |____| .__|_| |_|_| |_\__, | / / / /
 =========|_|==============|___/=/_/_/_/
 :: Spring Boot ::        (v2.1.9.RELEASE)

2023-01-07 19:15:15.394  INFO 36664 --- [    Test worker] springboot.web.HelloControllerTest       : Starting HelloControllerTest on DESKTOP-MST95U4 with PID 36664 (started by mac20 in D:\mac20010\Users\autoServer)
2023-01-07 19:15:15.396  INFO 36664 --- [    Test worker] springboot.web.HelloControllerTest       : No active profile set, falling back to default profiles: default
2023-01-07 19:15:15.890  INFO 36664 --- [    Test worker] o.s.s.concurrent.ThreadPoolTaskExecutor  : Initializing ExecutorService 'applicationTaskExecutor'
2023-01-07 19:15:15.931  INFO 36664 --- [    Test worker] o.s.b.a.w.s.WelcomePageHandlerMapping    : Adding welcome page template: index
2023-01-07 19:15:16.164  INFO 36664 --- [    Test worker] .s.s.UserDetailsServiceAutoConfiguration : 

Using generated security password: c23f20bb-1534-42d8-bbaf-13152e861f57

2023-01-07 19:15:16.326  INFO 36664 --- [    Test worker] o.s.s.web.DefaultSecurityFilterChain     : Creating filter chain: any request, [org.springframework.security.web.context.request.async.WebAsyncManagerIntegrationFilter@485e830d, org.springframework.security.web.context.SecurityContextPersistenceFilter@256fde8, org.springframework.security.web.header.HeaderWriterFilter@6e63ca2a, org.springframework.security.web.csrf.CsrfFilter@5d13df98, org.springframework.security.web.authentication.logout.LogoutFilter@7735e5b1, org.springframework.security.web.authentication.UsernamePasswordAuthenticationFilter@766faa5b, org.springframework.security.web.authentication.ui.DefaultLoginPageGeneratingFilter@27d87b33, org.springframework.security.web.authentication.ui.DefaultLogoutPageGeneratingFilter@36e016b7, org.springframework.security.web.authentication.www.BasicAuthenticationFilter@4851e3a8, org.springframework.security.web.savedrequest.RequestCacheAwareFilter@3ba16d5, org.springframework.security.web.servletapi.SecurityContextHolderAwareRequestFilter@73f8be12, org.springframework.security.web.authentication.AnonymousAuthenticationFilter@71ebef60, org.springframework.security.web.session.SessionManagementFilter@2d4f3761, org.springframework.security.web.access.ExceptionTranslationFilter@559a9ee1, org.springframework.security.web.access.intercept.FilterSecurityInterceptor@65e00b41]
2023-01-07 19:15:16.370  INFO 36664 --- [    Test worker] o.s.b.t.m.w.SpringBootMockServletContext : Initializing Spring TestDispatcherServlet ''
2023-01-07 19:15:16.370  INFO 36664 --- [    Test worker] o.s.t.web.servlet.TestDispatcherServlet  : Initializing Servlet ''
2023-01-07 19:15:16.384  INFO 36664 --- [    Test worker] o.s.t.web.servlet.TestDispatcherServlet  : Completed initialization in 14 ms
2023-01-07 19:15:16.417  INFO 36664 --- [    Test worker] springboot.web.HelloControllerTest       : Started HelloControllerTest in 1.061 seconds (JVM running for 11.611)
]]></system-out>
  <system-err><![CDATA[]]></system-err>
</testsuite>
